<?xml version="1.0" encoding="UTF-8"?>
<!-- Generated by org.testng.reporters.JUnitXMLReporter -->
<testsuite ignored="0" hostname="LAPTOP-5200UCR4" failures="0" tests="12" name="Default test" time="188.82" errors="0" timestamp="2022-01-22T08:53:52 IST">
  <testcase classname="runner.CarBookingRunner" name="validateTitle" time="1.26"/>
  <testcase classname="runner.CarBookingRunner" name="LogIn" time="14.18"/>
  <testcase classname="runner.CarBookingRunner" name="Bookings" time="21.683"/>
  <testcase classname="runner.CarBookingRunner" name="Register" time="16.529"/>
  <testcase classname="runner.CarBookingRunner" name="Aboutus" time="3.318"/>
  <testcase classname="runner.CarBookingRunner" name="airporttaxi" time="12.447"/>
  <testcase classname="runner.CarBookingRunner" name="CheckCabTypes" time="5.925"/>
  <testcase classname="runner.CarBookingRunner" name="ContactUs" time="6.618"/>
  <testcase classname="runner.CarBookingRunner" name="localcars" time="8.63"/>
  <testcase classname="runner.CarBookingRunner" name="oneway" time="5.442"/>
  <testcase classname="runner.CarBookingRunner" name="RoundTrip" time="13.382"/>
  <testcase classname="runner.CarBookingRunner" name="TravelAgents" time="3.904"/>
</testsuite> <!-- Default test -->
