<?xml version="1.0" encoding="UTF-8"?>
<!-- Generated by org.testng.reporters.JUnitXMLReporter -->
<testsuite ignored="0" hostname="LAPTOP-5200UCR4" failures="0" tests="12" name="Test" time="206.394" errors="0" timestamp="2022-01-22T10:26:45 IST">
  <testcase classname="runner.CarBookingRunner" name="validateTitle" time="1.184"/>
  <testcase classname="runner.CarBookingRunner" name="LogIn" time="14.312"/>
  <testcase classname="runner.CarBookingRunner" name="Bookings" time="21.839"/>
  <testcase classname="runner.CarBookingRunner" name="Register" time="17.123"/>
  <testcase classname="runner.CarBookingRunner" name="Aboutus" time="3.397"/>
  <testcase classname="runner.CarBookingRunner" name="airporttaxi" time="13.756"/>
  <testcase classname="runner.CarBookingRunner" name="CheckCabTypes" time="7.046"/>
  <testcase classname="runner.CarBookingRunner" name="ContactUs" time="6.95"/>
  <testcase classname="runner.CarBookingRunner" name="localcars" time="8.329"/>
  <testcase classname="runner.CarBookingRunner" name="oneway" time="5.678"/>
  <testcase classname="runner.CarBookingRunner" name="RoundTrip" time="14.71"/>
  <testcase classname="runner.CarBookingRunner" name="TravelAgents" time="4.731"/>
</testsuite> <!-- Test -->
