<?xml version="1.0" encoding="UTF-8"?>
<testsuite xmlns:xsi="http://www.w3.org/2001/XMLSchema-instance" xsi:noNamespaceSchemaLocation="https://maven.apache.org/surefire/maven-surefire-plugin/xsd/surefire-test-report-3.0.xsd" version="3.0" name="TestSuite" time="208.583" tests="12" errors="0" skipped="0" failures="0">
  <properties>
[...]
</properties>
  <testcase name="validateTitle[Book Outstation Cabs, Local &amp; Airport Taxi Service - India&apos;s Leading Car Rentals](1)" classname="runner.CarBookingRunner" time="1.149">
    <system-out><![CDATA[01-22-2022 10:23:26 ExtentLogUtilities.java INFO  [main] runner.CarBookingRunner 14 - URL Opened
01-22-2022 10:23:28 ExtentLogUtilities.java INFO  [main] runner.CarBookingRunner 14 - Page opend with title Book Outstation Cabs, Local & Airport Taxi Service - India's Leading Car Rentals
]]></system-out>
    <system-err><![CDATA[Starting ChromeDriver 96.0.4664.45 (76e4c1bb2ab4671b8beba3444e61c0f17584b2fc-refs/branch-heads/4664@{#947}) on port 22917
Only local connections are allowed.
Please see https://chromedriver.chromium.org/security-considerations for suggestions on keeping ChromeDriver safe.
ChromeDriver was started successfully.
[1642827201.603][WARNING]: This version of ChromeDriver has not been tested with Chrome version 97.
Jan 22, 2022 10:23:22 AM org.openqa.selenium.remote.ProtocolHandshake createSession
INFO: Detected dialect: W3C
]]></system-err>
  </testcase>
  <testcase name="LogIn[ynn@gmail.com, password](1)" classname="runner.CarBookingRunner" time="14.298">
    <system-out><![CDATA[01-22-2022 10:23:34 ExtentLogUtilities.java INFO  [main] runner.CarBookingRunner 14 - URL Opened
01-22-2022 10:23:36 ExtentLogUtilities.java INFO  [main] runner.CarBookingRunner 14 - Log In Button is clicked in page Home Page
01-22-2022 10:23:42 ExtentLogUtilities.java INFO  [main] runner.CarBookingRunner 14 - Email field is send in page Account Log in
01-22-2022 10:23:42 ExtentLogUtilities.java INFO  [main] runner.CarBookingRunner 14 - password field is send in page Account Log in
01-22-2022 10:23:43 ExtentLogUtilities.java INFO  [main] runner.CarBookingRunner 14 - sign in button is clicked in page Account Log in
01-22-2022 10:23:49 ExtentLogUtilities.java INFO  [main] runner.CarBookingRunner 14 - Successfully logged in
]]></system-out>
    <system-err><![CDATA[Starting ChromeDriver 96.0.4664.45 (76e4c1bb2ab4671b8beba3444e61c0f17584b2fc-refs/branch-heads/4664@{#947}) on port 27688
Only local connections are allowed.
Please see https://chromedriver.chromium.org/security-considerations for suggestions on keeping ChromeDriver safe.
ChromeDriver was started successfully.
[1642827211.286][WARNING]: This version of ChromeDriver has not been tested with Chrome version 97.
Jan 22, 2022 10:23:31 AM org.openqa.selenium.remote.ProtocolHandshake createSession
INFO: Detected dialect: W3C
]]></system-err>
  </testcase>
  <testcase name="Bookings[ynn@gmail.com, password, Bookings](1)" classname="runner.CarBookingRunner" time="21.811">
    <system-out><![CDATA[01-22-2022 10:23:56 ExtentLogUtilities.java INFO  [main] runner.CarBookingRunner 14 - URL Opened
01-22-2022 10:23:57 ExtentLogUtilities.java INFO  [main] runner.CarBookingRunner 14 - Log In Button is clicked in page Home Page
01-22-2022 10:24:03 ExtentLogUtilities.java INFO  [main] runner.CarBookingRunner 14 - Email field is send in page Account Log in
01-22-2022 10:24:04 ExtentLogUtilities.java INFO  [main] runner.CarBookingRunner 14 - password field is send in page Account Log in
01-22-2022 10:24:04 ExtentLogUtilities.java INFO  [main] runner.CarBookingRunner 14 - sign in button is clicked in page Account Log in
01-22-2022 10:24:10 ExtentLogUtilities.java INFO  [main] runner.CarBookingRunner 14 - Successfully logged in
01-22-2022 10:24:11 ExtentLogUtilities.java INFO  [main] runner.CarBookingRunner 14 - Log In Button is clicked in page Home Page
01-22-2022 10:24:18 ExtentLogUtilities.java INFO  [main] runner.CarBookingRunner 14 - List of Bookings is clicked in page View Bookings
01-22-2022 10:24:18 ExtentLogUtilities.java INFO  [main] runner.CarBookingRunner 14 - Successfully opened View Bookings page
]]></system-out>
    <system-err><![CDATA[Starting ChromeDriver 96.0.4664.45 (76e4c1bb2ab4671b8beba3444e61c0f17584b2fc-refs/branch-heads/4664@{#947}) on port 1377
Only local connections are allowed.
Please see https://chromedriver.chromium.org/security-considerations for suggestions on keeping ChromeDriver safe.
ChromeDriver was started successfully.
[1642827231.967][WARNING]: This version of ChromeDriver has not been tested with Chrome version 97.
Jan 22, 2022 10:23:52 AM org.openqa.selenium.remote.ProtocolHandshake createSession
INFO: Detected dialect: W3C
]]></system-err>
  </testcase>
  <testcase name="Register[nv, 1.234567892E9, nv432@gmail.com, password, password](1)" classname="runner.CarBookingRunner" time="17.081">
    <system-out><![CDATA[01-22-2022 10:24:25 ExtentLogUtilities.java INFO  [main] runner.CarBookingRunner 14 - URL Opened
01-22-2022 10:24:26 ExtentLogUtilities.java INFO  [main] runner.CarBookingRunner 14 - Log In Button is clicked in page Home Page
01-22-2022 10:24:32 ExtentLogUtilities.java INFO  [main] runner.CarBookingRunner 14 - Register Button is clicked in page User Register
01-22-2022 10:24:33 ExtentLogUtilities.java INFO  [main] runner.CarBookingRunner 14 - Name Field is send in page User Register
01-22-2022 10:24:34 ExtentLogUtilities.java INFO  [main] runner.CarBookingRunner 14 - Mobile Number Field is send in page User Register
01-22-2022 10:24:34 ExtentLogUtilities.java INFO  [main] runner.CarBookingRunner 14 - Email Field is send in page User Register
01-22-2022 10:24:35 ExtentLogUtilities.java INFO  [main] runner.CarBookingRunner 14 - password field is send in page User Register
01-22-2022 10:24:36 ExtentLogUtilities.java INFO  [main] runner.CarBookingRunner 14 - Retype password field is send in page User Register
01-22-2022 10:24:37 ExtentLogUtilities.java INFO  [main] runner.CarBookingRunner 14 - Register Button is clicked in page Account Log in
01-22-2022 10:24:42 ExtentLogUtilities.java INFO  [main] runner.CarBookingRunner 14 - Successfully Registered
]]></system-out>
    <system-err><![CDATA[Starting ChromeDriver 96.0.4664.45 (76e4c1bb2ab4671b8beba3444e61c0f17584b2fc-refs/branch-heads/4664@{#947}) on port 5500
Only local connections are allowed.
Please see https://chromedriver.chromium.org/security-considerations for suggestions on keeping ChromeDriver safe.
ChromeDriver was started successfully.
[1642827261.047][WARNING]: This version of ChromeDriver has not been tested with Chrome version 97.
Jan 22, 2022 10:24:21 AM org.openqa.selenium.remote.ProtocolHandshake createSession
INFO: Detected dialect: W3C
]]></system-err>
  </testcase>
  <testcase name="Aboutus[Gaurav Aggarwal](1)" classname="runner.CarBookingRunner" time="3.319">
    <system-out><![CDATA[01-22-2022 10:24:49 ExtentLogUtilities.java INFO  [main] runner.CarBookingRunner 14 - URL Opened
01-22-2022 10:24:51 ExtentLogUtilities.java INFO  [main] runner.CarBookingRunner 14 - About Us page is clicked in page Home Page
01-22-2022 10:24:53 ExtentLogUtilities.java INFO  [main] runner.CarBookingRunner 14 - CEO name validated
]]></system-out>
    <system-err><![CDATA[Starting ChromeDriver 96.0.4664.45 (76e4c1bb2ab4671b8beba3444e61c0f17584b2fc-refs/branch-heads/4664@{#947}) on port 28752
Only local connections are allowed.
Please see https://chromedriver.chromium.org/security-considerations for suggestions on keeping ChromeDriver safe.
ChromeDriver was started successfully.
[1642827285.428][WARNING]: This version of ChromeDriver has not been tested with Chrome version 97.
Jan 22, 2022 10:24:45 AM org.openqa.selenium.remote.ProtocolHandshake createSession
INFO: Detected dialect: W3C
]]></system-err>
  </testcase>
  <testcase name="airporttaxi[Bangalore, Karnataka, Bangalore, Karnataka, January2022, 24, 2:30 PM, Bangalore, 24-01-2022](1)" classname="runner.CarBookingRunner" time="13.72">
    <system-out><![CDATA[01-22-2022 10:25:00 ExtentLogUtilities.java INFO  [main] runner.CarBookingRunner 14 - URL Opened
01-22-2022 10:25:01 ExtentLogUtilities.java INFO  [main] runner.CarBookingRunner 14 - Select Airport Tab is clicked in page Home Page
01-22-2022 10:25:03 ExtentLogUtilities.java INFO  [main] runner.CarBookingRunner 14 - Select City is send in page Home Page
01-22-2022 10:25:04 ExtentLogUtilities.java INFO  [main] runner.CarBookingRunner 14 - Trip type is clicked in page Airport Taxi Booking
01-22-2022 10:25:05 ExtentLogUtilities.java INFO  [main] runner.CarBookingRunner 14 - Address Field is send in page Airport Taxi Booking
01-22-2022 10:25:08 ExtentLogUtilities.java INFO  [main] runner.CarBookingRunner 14 - Date Field is clicked in page Airport Taxi Booking
01-22-2022 10:25:14 ExtentLogUtilities.java INFO  [main] runner.CarBookingRunner 14 - click on select car is clicked in page Airport Taxi Booking
01-22-2022 10:25:14 ExtentLogUtilities.java INFO  [main] runner.CarBookingRunner 14 - Successfully opened Airport Taxi Booking Page
]]></system-out>
    <system-err><![CDATA[Starting ChromeDriver 96.0.4664.45 (76e4c1bb2ab4671b8beba3444e61c0f17584b2fc-refs/branch-heads/4664@{#947}) on port 26175
Only local connections are allowed.
Please see https://chromedriver.chromium.org/security-considerations for suggestions on keeping ChromeDriver safe.
ChromeDriver was started successfully.
[1642827295.763][WARNING]: This version of ChromeDriver has not been tested with Chrome version 97.
Jan 22, 2022 10:24:56 AM org.openqa.selenium.remote.ProtocolHandshake createSession
INFO: Detected dialect: W3C
]]></system-err>
  </testcase>
  <testcase name="CheckCabTypes[Savaari - Cab Types](1)" classname="runner.CarBookingRunner" time="7.035">
    <system-out><![CDATA[01-22-2022 10:25:21 ExtentLogUtilities.java INFO  [main] runner.CarBookingRunner 14 - URL Opened
01-22-2022 10:25:23 ExtentLogUtilities.java INFO  [main] runner.CarBookingRunner 14 - Select sitemap Link is clicked in page Home Page
01-22-2022 10:25:26 ExtentLogUtilities.java INFO  [main] runner.CarBookingRunner 14 - Select cab Types Link is clicked in page sitemap page
01-22-2022 10:25:29 ExtentLogUtilities.java INFO  [main] runner.CarBookingRunner 14 - Successfully accessed cab types page
]]></system-out>
    <system-err><![CDATA[Starting ChromeDriver 96.0.4664.45 (76e4c1bb2ab4671b8beba3444e61c0f17584b2fc-refs/branch-heads/4664@{#947}) on port 26008
Only local connections are allowed.
Please see https://chromedriver.chromium.org/security-considerations for suggestions on keeping ChromeDriver safe.
ChromeDriver was started successfully.
[1642827316.928][WARNING]: This version of ChromeDriver has not been tested with Chrome version 97.
Jan 22, 2022 10:25:17 AM org.openqa.selenium.remote.ProtocolHandshake createSession
INFO: Detected dialect: W3C
]]></system-err>
  </testcase>
  <testcase name="ContactUs[Contact Us](1)" classname="runner.CarBookingRunner" time="6.915">
    <system-out><![CDATA[01-22-2022 10:25:36 ExtentLogUtilities.java INFO  [main] runner.CarBookingRunner 14 - URL Opened
01-22-2022 10:25:37 ExtentLogUtilities.java INFO  [main] runner.CarBookingRunner 14 - Contact Us page is clicked in page Home Page
01-22-2022 10:25:43 ExtentLogUtilities.java INFO  [main] runner.CarBookingRunner 14 - Contact Us page validated
]]></system-out>
    <system-err><![CDATA[Starting ChromeDriver 96.0.4664.45 (76e4c1bb2ab4671b8beba3444e61c0f17584b2fc-refs/branch-heads/4664@{#947}) on port 23008
Only local connections are allowed.
Please see https://chromedriver.chromium.org/security-considerations for suggestions on keeping ChromeDriver safe.
ChromeDriver was started successfully.
[1642827331.424][WARNING]: This version of ChromeDriver has not been tested with Chrome version 97.
Jan 22, 2022 10:25:31 AM org.openqa.selenium.remote.ProtocolHandshake createSession
INFO: Detected dialect: W3C
]]></system-err>
  </testcase>
  <testcase name="localcars[Bangalore, Karnataka, January2022, 24, 2:30 PM, Bangalore, 24-01-2022](1)" classname="runner.CarBookingRunner" time="8.315">
    <system-out><![CDATA[01-22-2022 10:25:50 ExtentLogUtilities.java INFO  [main] runner.CarBookingRunner 14 - URL Opened
01-22-2022 10:25:52 ExtentLogUtilities.java INFO  [main] runner.CarBookingRunner 14 - Select Local City Tab is clicked in page Home Page
01-22-2022 10:25:53 ExtentLogUtilities.java INFO  [main] runner.CarBookingRunner 14 - Select City is send in page Home Page
01-22-2022 10:25:54 ExtentLogUtilities.java INFO  [main] runner.CarBookingRunner 14 - Date Field is clicked in page Local Car Booking
01-22-2022 10:25:59 ExtentLogUtilities.java INFO  [main] runner.CarBookingRunner 14 - click on select car is clicked in page Local Taxi Booking
01-22-2022 10:25:59 ExtentLogUtilities.java INFO  [main] runner.CarBookingRunner 14 - Successfully opened Local Taxi Booking Page
]]></system-out>
    <system-err><![CDATA[Starting ChromeDriver 96.0.4664.45 (76e4c1bb2ab4671b8beba3444e61c0f17584b2fc-refs/branch-heads/4664@{#947}) on port 46447
Only local connections are allowed.
Please see https://chromedriver.chromium.org/security-considerations for suggestions on keeping ChromeDriver safe.
ChromeDriver was started successfully.
[1642827345.900][WARNING]: This version of ChromeDriver has not been tested with Chrome version 97.
Jan 22, 2022 10:25:46 AM org.openqa.selenium.remote.ProtocolHandshake createSession
INFO: Detected dialect: W3C
]]></system-err>
  </testcase>
  <testcase name="oneway[Bangalore, Karnataka, Chennai, Tamil Nadu, January2022, 24, 2:30 PM, Bangalore, 24-01-2022](1)" classname="runner.CarBookingRunner" time="5.664">
    <system-out><![CDATA[01-22-2022 10:26:05 ExtentLogUtilities.java INFO  [main] runner.CarBookingRunner 14 - URL Opened
01-22-2022 10:26:06 ExtentLogUtilities.java INFO  [main] runner.CarBookingRunner 14 - Source city is send in page Home Page
01-22-2022 10:26:07 ExtentLogUtilities.java INFO  [main] runner.CarBookingRunner 14 - Destination City is send in page Home Page
01-22-2022 10:26:09 ExtentLogUtilities.java INFO  [main] runner.CarBookingRunner 14 - Date Field is clicked in page Onw way Booking
01-22-2022 10:26:11 ExtentLogUtilities.java INFO  [main] runner.CarBookingRunner 14 - click on select car is clicked in page One way Booking
01-22-2022 10:26:12 ExtentLogUtilities.java INFO  [main] runner.CarBookingRunner 14 - Successfully opened one way booking page
]]></system-out>
    <system-err><![CDATA[Starting ChromeDriver 96.0.4664.45 (76e4c1bb2ab4671b8beba3444e61c0f17584b2fc-refs/branch-heads/4664@{#947}) on port 13231
Only local connections are allowed.
Please see https://chromedriver.chromium.org/security-considerations for suggestions on keeping ChromeDriver safe.
ChromeDriver was started successfully.
[1642827361.459][WARNING]: This version of ChromeDriver has not been tested with Chrome version 97.
Jan 22, 2022 10:26:01 AM org.openqa.selenium.remote.ProtocolHandshake createSession
INFO: Detected dialect: W3C
]]></system-err>
  </testcase>
  <testcase name="RoundTrip[Bangalore, Karnataka, Chennai, Tamil Nadu, January2022, 24, January2022, 25, 2:30 PM, Bangalore, 24-01-2022](1)" classname="runner.CarBookingRunner" time="14.515">
    <system-out><![CDATA[01-22-2022 10:26:17 ExtentLogUtilities.java INFO  [main] runner.CarBookingRunner 14 - URL Opened
01-22-2022 10:26:19 ExtentLogUtilities.java INFO  [main] runner.CarBookingRunner 14 - Select Round Trip is clicked in page Home Page
01-22-2022 10:26:20 ExtentLogUtilities.java INFO  [main] runner.CarBookingRunner 14 - Source city is send in page Home Page
01-22-2022 10:26:21 ExtentLogUtilities.java INFO  [main] runner.CarBookingRunner 14 - Destination City is send in page Home Page
01-22-2022 10:26:22 ExtentLogUtilities.java INFO  [main] runner.CarBookingRunner 14 - Date Field is clicked in page Round Trip
01-22-2022 10:26:27 ExtentLogUtilities.java INFO  [main] runner.CarBookingRunner 14 - Date Field is clicked in page Round Trip
01-22-2022 10:26:32 ExtentLogUtilities.java INFO  [main] runner.CarBookingRunner 14 - click on select car is clicked in page RoundTrip Taxi Booking
01-22-2022 10:26:32 ExtentLogUtilities.java INFO  [main] runner.CarBookingRunner 14 - Successfully opened RoundTrip Taxi Booking Page
]]></system-out>
    <system-err><![CDATA[Starting ChromeDriver 96.0.4664.45 (76e4c1bb2ab4671b8beba3444e61c0f17584b2fc-refs/branch-heads/4664@{#947}) on port 22484
Only local connections are allowed.
Please see https://chromedriver.chromium.org/security-considerations for suggestions on keeping ChromeDriver safe.
ChromeDriver was started successfully.
[1642827373.764][WARNING]: This version of ChromeDriver has not been tested with Chrome version 97.
Jan 22, 2022 10:26:14 AM org.openqa.selenium.remote.ProtocolHandshake createSession
INFO: Detected dialect: W3C
]]></system-err>
  </testcase>
  <testcase name="TravelAgents" classname="runner.CarBookingRunner" time="4.707">
    <system-out><![CDATA[01-22-2022 10:26:38 ExtentLogUtilities.java INFO  [main] runner.CarBookingRunner 14 - URL Opened
01-22-2022 10:26:40 ExtentLogUtilities.java INFO  [main] runner.CarBookingRunner 14 - Travel Agent is clicked in page Home Page
01-22-2022 10:26:43 ExtentLogUtilities.java INFO  [main] runner.CarBookingRunner 14 - Register is clicked in page Travel Agent Page
01-22-2022 10:26:44 ExtentLogUtilities.java INFO  [main] runner.CarBookingRunner 14 - Successfully opened travel agent page
]]></system-out>
    <system-err><![CDATA[Starting ChromeDriver 96.0.4664.45 (76e4c1bb2ab4671b8beba3444e61c0f17584b2fc-refs/branch-heads/4664@{#947}) on port 35339
Only local connections are allowed.
Please see https://chromedriver.chromium.org/security-considerations for suggestions on keeping ChromeDriver safe.
ChromeDriver was started successfully.
[1642827395.020][WARNING]: This version of ChromeDriver has not been tested with Chrome version 97.
Jan 22, 2022 10:26:35 AM org.openqa.selenium.remote.ProtocolHandshake createSession
INFO: Detected dialect: W3C
]]></system-err>
  </testcase>
</testsuite>