<?xml version="1.0" encoding="UTF-8"?>
<testng-results ignored="0" total="12" passed="12" failed="0" skipped="0">
  <reporter-output>
  </reporter-output>
  <suite started-at="2022-01-22T10:23:18 IST" name="Suite" finished-at="2022-01-22T10:26:45 IST" duration-ms="206394">
    <groups>
    </groups>
    <test started-at="2022-01-22T10:23:18 IST" name="Test" finished-at="2022-01-22T10:26:45 IST" duration-ms="206394">
      <class name="runner.CarBookingRunner">
        <test-method is-config="true" signature="initializeDriver()[pri:0, instance:runner.CarBookingRunner@379614be]" started-at="2022-01-22T10:23:18 IST" name="initializeDriver" finished-at="2022-01-22T10:23:28 IST" duration-ms="9324" status="PASS">
          <reporter-output>
          </reporter-output>
        </test-method> <!-- initializeDriver -->
        <test-method signature="validateTitle(java.lang.String)[pri:1, instance:runner.CarBookingRunner@379614be]" started-at="2022-01-22T10:23:28 IST" name="validateTitle" data-provider="getTitle" finished-at="2022-01-22T10:23:29 IST" duration-ms="1184" status="PASS">
          <params>
            <param index="0">
              <value>
                <![CDATA[Book Outstation Cabs, Local & Airport Taxi Service - India's Leading Car Rentals]]>
              </value>
            </param>
          </params>
          <reporter-output>
          </reporter-output>
        </test-method> <!-- validateTitle -->
        <test-method is-config="true" signature="EndTheTest()[pri:0, instance:runner.CarBookingRunner@379614be]" started-at="2022-01-22T10:23:29 IST" name="EndTheTest" finished-at="2022-01-22T10:23:31 IST" duration-ms="2281" status="PASS">
          <reporter-output>
          </reporter-output>
        </test-method> <!-- EndTheTest -->
        <test-method is-config="true" signature="initializeDriver()[pri:0, instance:runner.CarBookingRunner@379614be]" started-at="2022-01-22T10:23:31 IST" name="initializeDriver" finished-at="2022-01-22T10:23:35 IST" duration-ms="4092" status="PASS">
          <reporter-output>
          </reporter-output>
        </test-method> <!-- initializeDriver -->
        <test-method signature="LogIn(java.lang.String, java.lang.String)[pri:2, instance:runner.CarBookingRunner@379614be]" started-at="2022-01-22T10:23:35 IST" name="LogIn" data-provider="getData" finished-at="2022-01-22T10:23:50 IST" duration-ms="14312" status="PASS">
          <params>
            <param index="0">
              <value>
                <![CDATA[ynn@gmail.com]]>
              </value>
            </param>
            <param index="1">
              <value>
                <![CDATA[password]]>
              </value>
            </param>
          </params>
          <reporter-output>
          </reporter-output>
        </test-method> <!-- LogIn -->
        <test-method is-config="true" signature="EndTheTest()[pri:0, instance:runner.CarBookingRunner@379614be]" started-at="2022-01-22T10:23:50 IST" name="EndTheTest" finished-at="2022-01-22T10:23:52 IST" duration-ms="2097" status="PASS">
          <reporter-output>
          </reporter-output>
        </test-method> <!-- EndTheTest -->
        <test-method is-config="true" signature="initializeDriver()[pri:0, instance:runner.CarBookingRunner@379614be]" started-at="2022-01-22T10:23:52 IST" name="initializeDriver" finished-at="2022-01-22T10:23:57 IST" duration-ms="5167" status="PASS">
          <reporter-output>
          </reporter-output>
        </test-method> <!-- initializeDriver -->
        <test-method signature="Bookings(java.lang.String, java.lang.String, java.lang.String)[pri:3, instance:runner.CarBookingRunner@379614be]" started-at="2022-01-22T10:23:57 IST" name="Bookings" data-provider="getViewBooking" finished-at="2022-01-22T10:24:19 IST" duration-ms="21839" status="PASS">
          <params>
            <param index="0">
              <value>
                <![CDATA[ynn@gmail.com]]>
              </value>
            </param>
            <param index="1">
              <value>
                <![CDATA[password]]>
              </value>
            </param>
            <param index="2">
              <value>
                <![CDATA[Bookings]]>
              </value>
            </param>
          </params>
          <reporter-output>
          </reporter-output>
        </test-method> <!-- Bookings -->
        <test-method is-config="true" signature="EndTheTest()[pri:0, instance:runner.CarBookingRunner@379614be]" started-at="2022-01-22T10:24:19 IST" name="EndTheTest" finished-at="2022-01-22T10:24:21 IST" duration-ms="2202" status="PASS">
          <reporter-output>
          </reporter-output>
        </test-method> <!-- EndTheTest -->
        <test-method is-config="true" signature="initializeDriver()[pri:0, instance:runner.CarBookingRunner@379614be]" started-at="2022-01-22T10:24:21 IST" name="initializeDriver" finished-at="2022-01-22T10:24:26 IST" duration-ms="4970" status="PASS">
          <reporter-output>
          </reporter-output>
        </test-method> <!-- initializeDriver -->
        <test-method signature="Register(java.lang.String, java.lang.String, java.lang.String, java.lang.String, java.lang.String)[pri:4, instance:runner.CarBookingRunner@379614be]" started-at="2022-01-22T10:24:26 IST" name="Register" data-provider="getuserData" finished-at="2022-01-22T10:24:43 IST" duration-ms="17123" status="PASS">
          <params>
            <param index="0">
              <value>
                <![CDATA[nv]]>
              </value>
            </param>
            <param index="1">
              <value>
                <![CDATA[1.234567892E9]]>
              </value>
            </param>
            <param index="2">
              <value>
                <![CDATA[nv432@gmail.com]]>
              </value>
            </param>
            <param index="3">
              <value>
                <![CDATA[password]]>
              </value>
            </param>
            <param index="4">
              <value>
                <![CDATA[password]]>
              </value>
            </param>
          </params>
          <reporter-output>
          </reporter-output>
        </test-method> <!-- Register -->
        <test-method is-config="true" signature="EndTheTest()[pri:0, instance:runner.CarBookingRunner@379614be]" started-at="2022-01-22T10:24:43 IST" name="EndTheTest" finished-at="2022-01-22T10:24:45 IST" duration-ms="2132" status="PASS">
          <reporter-output>
          </reporter-output>
        </test-method> <!-- EndTheTest -->
        <test-method is-config="true" signature="initializeDriver()[pri:0, instance:runner.CarBookingRunner@379614be]" started-at="2022-01-22T10:24:45 IST" name="initializeDriver" finished-at="2022-01-22T10:24:50 IST" duration-ms="5006" status="PASS">
          <reporter-output>
          </reporter-output>
        </test-method> <!-- initializeDriver -->
        <test-method signature="Aboutus(java.lang.String)[pri:5, instance:runner.CarBookingRunner@379614be]" started-at="2022-01-22T10:24:50 IST" name="Aboutus" data-provider="getCEOName" finished-at="2022-01-22T10:24:54 IST" duration-ms="3397" status="PASS">
          <params>
            <param index="0">
              <value>
                <![CDATA[Gaurav Aggarwal]]>
              </value>
            </param>
          </params>
          <reporter-output>
          </reporter-output>
        </test-method> <!-- Aboutus -->
        <test-method is-config="true" signature="EndTheTest()[pri:0, instance:runner.CarBookingRunner@379614be]" started-at="2022-01-22T10:24:54 IST" name="EndTheTest" finished-at="2022-01-22T10:24:56 IST" duration-ms="1953" status="PASS">
          <reporter-output>
          </reporter-output>
        </test-method> <!-- EndTheTest -->
        <test-method is-config="true" signature="initializeDriver()[pri:0, instance:runner.CarBookingRunner@379614be]" started-at="2022-01-22T10:24:56 IST" name="initializeDriver" finished-at="2022-01-22T10:25:01 IST" duration-ms="5086" status="PASS">
          <reporter-output>
          </reporter-output>
        </test-method> <!-- initializeDriver -->
        <test-method signature="airporttaxi(java.lang.String, java.lang.String, java.lang.String, java.lang.String, java.lang.String, java.lang.String, java.lang.String)[pri:6, instance:runner.CarBookingRunner@379614be]" started-at="2022-01-22T10:25:01 IST" name="airporttaxi" data-provider="getAirportdata" finished-at="2022-01-22T10:25:14 IST" duration-ms="13756" status="PASS">
          <params>
            <param index="0">
              <value>
                <![CDATA[Bangalore, Karnataka]]>
              </value>
            </param>
            <param index="1">
              <value>
                <![CDATA[Bangalore, Karnataka]]>
              </value>
            </param>
            <param index="2">
              <value>
                <![CDATA[January2022]]>
              </value>
            </param>
            <param index="3">
              <value>
                <![CDATA[24]]>
              </value>
            </param>
            <param index="4">
              <value>
                <![CDATA[2:30 PM]]>
              </value>
            </param>
            <param index="5">
              <value>
                <![CDATA[Bangalore]]>
              </value>
            </param>
            <param index="6">
              <value>
                <![CDATA[24-01-2022]]>
              </value>
            </param>
          </params>
          <reporter-output>
          </reporter-output>
        </test-method> <!-- airporttaxi -->
        <test-method is-config="true" signature="EndTheTest()[pri:0, instance:runner.CarBookingRunner@379614be]" started-at="2022-01-22T10:25:14 IST" name="EndTheTest" finished-at="2022-01-22T10:25:17 IST" duration-ms="2365" status="PASS">
          <reporter-output>
          </reporter-output>
        </test-method> <!-- EndTheTest -->
        <test-method is-config="true" signature="initializeDriver()[pri:0, instance:runner.CarBookingRunner@379614be]" started-at="2022-01-22T10:25:17 IST" name="initializeDriver" finished-at="2022-01-22T10:25:22 IST" duration-ms="5361" status="PASS">
          <reporter-output>
          </reporter-output>
        </test-method> <!-- initializeDriver -->
        <test-method signature="CheckCabTypes(java.lang.String)[pri:7, instance:runner.CarBookingRunner@379614be]" started-at="2022-01-22T10:25:22 IST" name="CheckCabTypes" data-provider="getCabType" finished-at="2022-01-22T10:25:29 IST" duration-ms="7046" status="PASS">
          <params>
            <param index="0">
              <value>
                <![CDATA[Savaari - Cab Types]]>
              </value>
            </param>
          </params>
          <reporter-output>
          </reporter-output>
        </test-method> <!-- CheckCabTypes -->
        <test-method is-config="true" signature="EndTheTest()[pri:0, instance:runner.CarBookingRunner@379614be]" started-at="2022-01-22T10:25:29 IST" name="EndTheTest" finished-at="2022-01-22T10:25:31 IST" duration-ms="2216" status="PASS">
          <reporter-output>
          </reporter-output>
        </test-method> <!-- EndTheTest -->
        <test-method is-config="true" signature="initializeDriver()[pri:0, instance:runner.CarBookingRunner@379614be]" started-at="2022-01-22T10:25:31 IST" name="initializeDriver" finished-at="2022-01-22T10:25:37 IST" duration-ms="5217" status="PASS">
          <reporter-output>
          </reporter-output>
        </test-method> <!-- initializeDriver -->
        <test-method signature="ContactUs(java.lang.String)[pri:8, instance:runner.CarBookingRunner@379614be]" started-at="2022-01-22T10:25:37 IST" name="ContactUs" data-provider="getContact" finished-at="2022-01-22T10:25:44 IST" duration-ms="6950" status="PASS">
          <params>
            <param index="0">
              <value>
                <![CDATA[Contact Us]]>
              </value>
            </param>
          </params>
          <reporter-output>
          </reporter-output>
        </test-method> <!-- ContactUs -->
        <test-method is-config="true" signature="EndTheTest()[pri:0, instance:runner.CarBookingRunner@379614be]" started-at="2022-01-22T10:25:44 IST" name="EndTheTest" finished-at="2022-01-22T10:25:46 IST" duration-ms="2086" status="PASS">
          <reporter-output>
          </reporter-output>
        </test-method> <!-- EndTheTest -->
        <test-method is-config="true" signature="initializeDriver()[pri:0, instance:runner.CarBookingRunner@379614be]" started-at="2022-01-22T10:25:46 IST" name="initializeDriver" finished-at="2022-01-22T10:25:51 IST" duration-ms="5407" status="PASS">
          <reporter-output>
          </reporter-output>
        </test-method> <!-- initializeDriver -->
        <test-method signature="localcars(java.lang.String, java.lang.String, java.lang.String, java.lang.String, java.lang.String, java.lang.String)[pri:9, instance:runner.CarBookingRunner@379614be]" started-at="2022-01-22T10:25:51 IST" name="localcars" data-provider="getLocal" finished-at="2022-01-22T10:25:59 IST" duration-ms="8329" status="PASS">
          <params>
            <param index="0">
              <value>
                <![CDATA[Bangalore, Karnataka]]>
              </value>
            </param>
            <param index="1">
              <value>
                <![CDATA[January2022]]>
              </value>
            </param>
            <param index="2">
              <value>
                <![CDATA[24]]>
              </value>
            </param>
            <param index="3">
              <value>
                <![CDATA[2:30 PM]]>
              </value>
            </param>
            <param index="4">
              <value>
                <![CDATA[Bangalore]]>
              </value>
            </param>
            <param index="5">
              <value>
                <![CDATA[24-01-2022]]>
              </value>
            </param>
          </params>
          <reporter-output>
          </reporter-output>
        </test-method> <!-- localcars -->
        <test-method is-config="true" signature="EndTheTest()[pri:0, instance:runner.CarBookingRunner@379614be]" started-at="2022-01-22T10:25:59 IST" name="EndTheTest" finished-at="2022-01-22T10:26:01 IST" duration-ms="2017" status="PASS">
          <reporter-output>
          </reporter-output>
        </test-method> <!-- EndTheTest -->
        <test-method is-config="true" signature="initializeDriver()[pri:0, instance:runner.CarBookingRunner@379614be]" started-at="2022-01-22T10:26:01 IST" name="initializeDriver" finished-at="2022-01-22T10:26:06 IST" duration-ms="4740" status="PASS">
          <reporter-output>
          </reporter-output>
        </test-method> <!-- initializeDriver -->
        <test-method signature="oneway(java.lang.String, java.lang.String, java.lang.String, java.lang.String, java.lang.String, java.lang.String, java.lang.String)[pri:10, instance:runner.CarBookingRunner@379614be]" started-at="2022-01-22T10:26:06 IST" name="oneway" data-provider="getoneway" finished-at="2022-01-22T10:26:12 IST" duration-ms="5678" status="PASS">
          <params>
            <param index="0">
              <value>
                <![CDATA[Bangalore, Karnataka]]>
              </value>
            </param>
            <param index="1">
              <value>
                <![CDATA[Chennai, Tamil Nadu]]>
              </value>
            </param>
            <param index="2">
              <value>
                <![CDATA[January2022]]>
              </value>
            </param>
            <param index="3">
              <value>
                <![CDATA[24]]>
              </value>
            </param>
            <param index="4">
              <value>
                <![CDATA[2:30 PM]]>
              </value>
            </param>
            <param index="5">
              <value>
                <![CDATA[Bangalore]]>
              </value>
            </param>
            <param index="6">
              <value>
                <![CDATA[24-01-2022]]>
              </value>
            </param>
          </params>
          <reporter-output>
          </reporter-output>
        </test-method> <!-- oneway -->
        <test-method is-config="true" signature="EndTheTest()[pri:0, instance:runner.CarBookingRunner@379614be]" started-at="2022-01-22T10:26:12 IST" name="EndTheTest" finished-at="2022-01-22T10:26:14 IST" duration-ms="1758" status="PASS">
          <reporter-output>
          </reporter-output>
        </test-method> <!-- EndTheTest -->
        <test-method is-config="true" signature="initializeDriver()[pri:0, instance:runner.CarBookingRunner@379614be]" started-at="2022-01-22T10:26:14 IST" name="initializeDriver" finished-at="2022-01-22T10:26:18 IST" duration-ms="4738" status="PASS">
          <reporter-output>
          </reporter-output>
        </test-method> <!-- initializeDriver -->
        <test-method signature="RoundTrip(java.lang.String, java.lang.String, java.lang.String, java.lang.String, java.lang.String, java.lang.String, java.lang.String, java.lang.String, java.lang.String)[pri:11, instance:runner.CarBookingRunner@379614be]" started-at="2022-01-22T10:26:18 IST" name="RoundTrip" data-provider="getRoundTrip" finished-at="2022-01-22T10:26:33 IST" duration-ms="14710" status="PASS">
          <params>
            <param index="0">
              <value>
                <![CDATA[Bangalore, Karnataka]]>
              </value>
            </param>
            <param index="1">
              <value>
                <![CDATA[Chennai, Tamil Nadu]]>
              </value>
            </param>
            <param index="2">
              <value>
                <![CDATA[January2022]]>
              </value>
            </param>
            <param index="3">
              <value>
                <![CDATA[24]]>
              </value>
            </param>
            <param index="4">
              <value>
                <![CDATA[January2022]]>
              </value>
            </param>
            <param index="5">
              <value>
                <![CDATA[25]]>
              </value>
            </param>
            <param index="6">
              <value>
                <![CDATA[2:30 PM]]>
              </value>
            </param>
            <param index="7">
              <value>
                <![CDATA[Bangalore]]>
              </value>
            </param>
            <param index="8">
              <value>
                <![CDATA[24-01-2022]]>
              </value>
            </param>
          </params>
          <reporter-output>
          </reporter-output>
        </test-method> <!-- RoundTrip -->
        <test-method is-config="true" signature="EndTheTest()[pri:0, instance:runner.CarBookingRunner@379614be]" started-at="2022-01-22T10:26:33 IST" name="EndTheTest" finished-at="2022-01-22T10:26:35 IST" duration-ms="1819" status="PASS">
          <reporter-output>
          </reporter-output>
        </test-method> <!-- EndTheTest -->
        <test-method is-config="true" signature="initializeDriver()[pri:0, instance:runner.CarBookingRunner@379614be]" started-at="2022-01-22T10:26:35 IST" name="initializeDriver" finished-at="2022-01-22T10:26:39 IST" duration-ms="4569" status="PASS">
          <reporter-output>
          </reporter-output>
        </test-method> <!-- initializeDriver -->
        <test-method signature="TravelAgents()[pri:12, instance:runner.CarBookingRunner@379614be]" started-at="2022-01-22T10:26:39 IST" name="TravelAgents" finished-at="2022-01-22T10:26:44 IST" duration-ms="4731" status="PASS">
          <reporter-output>
          </reporter-output>
        </test-method> <!-- TravelAgents -->
        <test-method is-config="true" signature="EndTheTest()[pri:0, instance:runner.CarBookingRunner@379614be]" started-at="2022-01-22T10:26:44 IST" name="EndTheTest" finished-at="2022-01-22T10:26:45 IST" duration-ms="619" status="PASS">
          <reporter-output>
          </reporter-output>
        </test-method> <!-- EndTheTest -->
      </class> <!-- runner.CarBookingRunner -->
    </test> <!-- Test -->
  </suite> <!-- Suite -->
</testng-results>
