<?xml version="1.0" encoding="UTF-8"?>
<testng-results ignored="0" total="12" passed="12" failed="0" skipped="0">
  <reporter-output>
  </reporter-output>
  <suite started-at="2022-01-22T08:50:43 IST" name="Default suite" finished-at="2022-01-22T08:53:52 IST" duration-ms="188820">
    <groups>
    </groups>
    <test started-at="2022-01-22T08:50:43 IST" name="Default test" finished-at="2022-01-22T08:53:52 IST" duration-ms="188820">
      <class name="runner.CarBookingRunner">
        <test-method is-config="true" signature="initializeDriver()[pri:0, instance:runner.CarBookingRunner@5965be2d]" started-at="2022-01-22T08:50:43 IST" name="initializeDriver" finished-at="2022-01-22T08:50:55 IST" duration-ms="11570" status="PASS">
          <reporter-output>
          </reporter-output>
        </test-method> <!-- initializeDriver -->
        <test-method signature="validateTitle(java.lang.String)[pri:1, instance:runner.CarBookingRunner@5965be2d]" started-at="2022-01-22T08:50:55 IST" name="validateTitle" data-provider="getTitle" finished-at="2022-01-22T08:50:56 IST" duration-ms="1260" status="PASS">
          <params>
            <param index="0">
              <value>
                <![CDATA[Book Outstation Cabs, Local & Airport Taxi Service - India's Leading Car Rentals]]>
              </value>
            </param>
          </params>
          <reporter-output>
          </reporter-output>
        </test-method> <!-- validateTitle -->
        <test-method is-config="true" signature="EndTheTest()[pri:0, instance:runner.CarBookingRunner@5965be2d]" started-at="2022-01-22T08:50:56 IST" name="EndTheTest" finished-at="2022-01-22T08:50:58 IST" duration-ms="1643" status="PASS">
          <reporter-output>
          </reporter-output>
        </test-method> <!-- EndTheTest -->
        <test-method is-config="true" signature="initializeDriver()[pri:0, instance:runner.CarBookingRunner@5965be2d]" started-at="2022-01-22T08:50:58 IST" name="initializeDriver" finished-at="2022-01-22T08:51:02 IST" duration-ms="4350" status="PASS">
          <reporter-output>
          </reporter-output>
        </test-method> <!-- initializeDriver -->
        <test-method signature="LogIn(java.lang.String, java.lang.String)[pri:2, instance:runner.CarBookingRunner@5965be2d]" started-at="2022-01-22T08:51:02 IST" name="LogIn" data-provider="getData" finished-at="2022-01-22T08:51:16 IST" duration-ms="14180" status="PASS">
          <params>
            <param index="0">
              <value>
                <![CDATA[ynn@gmail.com]]>
              </value>
            </param>
            <param index="1">
              <value>
                <![CDATA[password]]>
              </value>
            </param>
          </params>
          <reporter-output>
          </reporter-output>
        </test-method> <!-- LogIn -->
        <test-method is-config="true" signature="EndTheTest()[pri:0, instance:runner.CarBookingRunner@5965be2d]" started-at="2022-01-22T08:51:16 IST" name="EndTheTest" finished-at="2022-01-22T08:51:18 IST" duration-ms="2008" status="PASS">
          <reporter-output>
          </reporter-output>
        </test-method> <!-- EndTheTest -->
        <test-method is-config="true" signature="initializeDriver()[pri:0, instance:runner.CarBookingRunner@5965be2d]" started-at="2022-01-22T08:51:18 IST" name="initializeDriver" finished-at="2022-01-22T08:51:23 IST" duration-ms="4201" status="PASS">
          <reporter-output>
          </reporter-output>
        </test-method> <!-- initializeDriver -->
        <test-method signature="Bookings(java.lang.String, java.lang.String, java.lang.String)[pri:3, instance:runner.CarBookingRunner@5965be2d]" started-at="2022-01-22T08:51:23 IST" name="Bookings" data-provider="getViewBooking" finished-at="2022-01-22T08:51:44 IST" duration-ms="21683" status="PASS">
          <params>
            <param index="0">
              <value>
                <![CDATA[ynn@gmail.com]]>
              </value>
            </param>
            <param index="1">
              <value>
                <![CDATA[password]]>
              </value>
            </param>
            <param index="2">
              <value>
                <![CDATA[Bookings]]>
              </value>
            </param>
          </params>
          <reporter-output>
          </reporter-output>
        </test-method> <!-- Bookings -->
        <test-method is-config="true" signature="EndTheTest()[pri:0, instance:runner.CarBookingRunner@5965be2d]" started-at="2022-01-22T08:51:44 IST" name="EndTheTest" finished-at="2022-01-22T08:51:46 IST" duration-ms="1823" status="PASS">
          <reporter-output>
          </reporter-output>
        </test-method> <!-- EndTheTest -->
        <test-method is-config="true" signature="initializeDriver()[pri:0, instance:runner.CarBookingRunner@5965be2d]" started-at="2022-01-22T08:51:46 IST" name="initializeDriver" finished-at="2022-01-22T08:51:50 IST" duration-ms="4181" status="PASS">
          <reporter-output>
          </reporter-output>
        </test-method> <!-- initializeDriver -->
        <test-method signature="Register(java.lang.String, java.lang.String, java.lang.String, java.lang.String, java.lang.String)[pri:4, instance:runner.CarBookingRunner@5965be2d]" started-at="2022-01-22T08:51:50 IST" name="Register" data-provider="getuserData" finished-at="2022-01-22T08:52:07 IST" duration-ms="16529" status="PASS">
          <params>
            <param index="0">
              <value>
                <![CDATA[nv]]>
              </value>
            </param>
            <param index="1">
              <value>
                <![CDATA[1.234567892E9]]>
              </value>
            </param>
            <param index="2">
              <value>
                <![CDATA[nv430@gmail.com]]>
              </value>
            </param>
            <param index="3">
              <value>
                <![CDATA[password]]>
              </value>
            </param>
            <param index="4">
              <value>
                <![CDATA[password]]>
              </value>
            </param>
          </params>
          <reporter-output>
          </reporter-output>
        </test-method> <!-- Register -->
        <test-method is-config="true" signature="EndTheTest()[pri:0, instance:runner.CarBookingRunner@5965be2d]" started-at="2022-01-22T08:52:07 IST" name="EndTheTest" finished-at="2022-01-22T08:52:09 IST" duration-ms="1613" status="PASS">
          <reporter-output>
          </reporter-output>
        </test-method> <!-- EndTheTest -->
        <test-method is-config="true" signature="initializeDriver()[pri:0, instance:runner.CarBookingRunner@5965be2d]" started-at="2022-01-22T08:52:09 IST" name="initializeDriver" finished-at="2022-01-22T08:52:13 IST" duration-ms="4167" status="PASS">
          <reporter-output>
          </reporter-output>
        </test-method> <!-- initializeDriver -->
        <test-method signature="Aboutus(java.lang.String)[pri:5, instance:runner.CarBookingRunner@5965be2d]" started-at="2022-01-22T08:52:13 IST" name="Aboutus" data-provider="getCEOName" finished-at="2022-01-22T08:52:16 IST" duration-ms="3318" status="PASS">
          <params>
            <param index="0">
              <value>
                <![CDATA[Gaurav Aggarwal]]>
              </value>
            </param>
          </params>
          <reporter-output>
          </reporter-output>
        </test-method> <!-- Aboutus -->
        <test-method is-config="true" signature="EndTheTest()[pri:0, instance:runner.CarBookingRunner@5965be2d]" started-at="2022-01-22T08:52:16 IST" name="EndTheTest" finished-at="2022-01-22T08:52:17 IST" duration-ms="1345" status="PASS">
          <reporter-output>
          </reporter-output>
        </test-method> <!-- EndTheTest -->
        <test-method is-config="true" signature="initializeDriver()[pri:0, instance:runner.CarBookingRunner@5965be2d]" started-at="2022-01-22T08:52:17 IST" name="initializeDriver" finished-at="2022-01-22T08:52:22 IST" duration-ms="4186" status="PASS">
          <reporter-output>
          </reporter-output>
        </test-method> <!-- initializeDriver -->
        <test-method signature="airporttaxi(java.lang.String, java.lang.String, java.lang.String, java.lang.String, java.lang.String, java.lang.String, java.lang.String)[pri:6, instance:runner.CarBookingRunner@5965be2d]" started-at="2022-01-22T08:52:22 IST" name="airporttaxi" data-provider="getAirportdata" finished-at="2022-01-22T08:52:34 IST" duration-ms="12447" status="PASS">
          <params>
            <param index="0">
              <value>
                <![CDATA[Bangalore, Karnataka]]>
              </value>
            </param>
            <param index="1">
              <value>
                <![CDATA[Bangalore, Karnataka]]>
              </value>
            </param>
            <param index="2">
              <value>
                <![CDATA[January2022]]>
              </value>
            </param>
            <param index="3">
              <value>
                <![CDATA[23]]>
              </value>
            </param>
            <param index="4">
              <value>
                <![CDATA[2:30 PM]]>
              </value>
            </param>
            <param index="5">
              <value>
                <![CDATA[Bangalore]]>
              </value>
            </param>
            <param index="6">
              <value>
                <![CDATA[23-01-2022]]>
              </value>
            </param>
          </params>
          <reporter-output>
          </reporter-output>
        </test-method> <!-- airporttaxi -->
        <test-method is-config="true" signature="EndTheTest()[pri:0, instance:runner.CarBookingRunner@5965be2d]" started-at="2022-01-22T08:52:34 IST" name="EndTheTest" finished-at="2022-01-22T08:52:35 IST" duration-ms="1388" status="PASS">
          <reporter-output>
          </reporter-output>
        </test-method> <!-- EndTheTest -->
        <test-method is-config="true" signature="initializeDriver()[pri:0, instance:runner.CarBookingRunner@5965be2d]" started-at="2022-01-22T08:52:35 IST" name="initializeDriver" finished-at="2022-01-22T08:52:39 IST" duration-ms="4034" status="PASS">
          <reporter-output>
          </reporter-output>
        </test-method> <!-- initializeDriver -->
        <test-method signature="CheckCabTypes(java.lang.String)[pri:7, instance:runner.CarBookingRunner@5965be2d]" started-at="2022-01-22T08:52:39 IST" name="CheckCabTypes" data-provider="getCabType" finished-at="2022-01-22T08:52:45 IST" duration-ms="5925" status="PASS">
          <params>
            <param index="0">
              <value>
                <![CDATA[Savaari - Cab Types]]>
              </value>
            </param>
          </params>
          <reporter-output>
          </reporter-output>
        </test-method> <!-- CheckCabTypes -->
        <test-method is-config="true" signature="EndTheTest()[pri:0, instance:runner.CarBookingRunner@5965be2d]" started-at="2022-01-22T08:52:45 IST" name="EndTheTest" finished-at="2022-01-22T08:52:47 IST" duration-ms="1742" status="PASS">
          <reporter-output>
          </reporter-output>
        </test-method> <!-- EndTheTest -->
        <test-method is-config="true" signature="initializeDriver()[pri:0, instance:runner.CarBookingRunner@5965be2d]" started-at="2022-01-22T08:52:47 IST" name="initializeDriver" finished-at="2022-01-22T08:52:51 IST" duration-ms="4308" status="PASS">
          <reporter-output>
          </reporter-output>
        </test-method> <!-- initializeDriver -->
        <test-method signature="ContactUs(java.lang.String)[pri:8, instance:runner.CarBookingRunner@5965be2d]" started-at="2022-01-22T08:52:51 IST" name="ContactUs" data-provider="getContact" finished-at="2022-01-22T08:52:58 IST" duration-ms="6618" status="PASS">
          <params>
            <param index="0">
              <value>
                <![CDATA[Contact Us]]>
              </value>
            </param>
          </params>
          <reporter-output>
          </reporter-output>
        </test-method> <!-- ContactUs -->
        <test-method is-config="true" signature="EndTheTest()[pri:0, instance:runner.CarBookingRunner@5965be2d]" started-at="2022-01-22T08:52:58 IST" name="EndTheTest" finished-at="2022-01-22T08:53:00 IST" duration-ms="1620" status="PASS">
          <reporter-output>
          </reporter-output>
        </test-method> <!-- EndTheTest -->
        <test-method is-config="true" signature="initializeDriver()[pri:0, instance:runner.CarBookingRunner@5965be2d]" started-at="2022-01-22T08:53:00 IST" name="initializeDriver" finished-at="2022-01-22T08:53:04 IST" duration-ms="3914" status="PASS">
          <reporter-output>
          </reporter-output>
        </test-method> <!-- initializeDriver -->
        <test-method signature="localcars(java.lang.String, java.lang.String, java.lang.String, java.lang.String, java.lang.String, java.lang.String)[pri:9, instance:runner.CarBookingRunner@5965be2d]" started-at="2022-01-22T08:53:04 IST" name="localcars" data-provider="getLocal" finished-at="2022-01-22T08:53:12 IST" duration-ms="8630" status="PASS">
          <params>
            <param index="0">
              <value>
                <![CDATA[Bangalore, Karnataka]]>
              </value>
            </param>
            <param index="1">
              <value>
                <![CDATA[January2022]]>
              </value>
            </param>
            <param index="2">
              <value>
                <![CDATA[23]]>
              </value>
            </param>
            <param index="3">
              <value>
                <![CDATA[2:30 PM]]>
              </value>
            </param>
            <param index="4">
              <value>
                <![CDATA[Bangalore]]>
              </value>
            </param>
            <param index="5">
              <value>
                <![CDATA[23-01-2022]]>
              </value>
            </param>
          </params>
          <reporter-output>
          </reporter-output>
        </test-method> <!-- localcars -->
        <test-method is-config="true" signature="EndTheTest()[pri:0, instance:runner.CarBookingRunner@5965be2d]" started-at="2022-01-22T08:53:12 IST" name="EndTheTest" finished-at="2022-01-22T08:53:14 IST" duration-ms="1667" status="PASS">
          <reporter-output>
          </reporter-output>
        </test-method> <!-- EndTheTest -->
        <test-method is-config="true" signature="initializeDriver()[pri:0, instance:runner.CarBookingRunner@5965be2d]" started-at="2022-01-22T08:53:14 IST" name="initializeDriver" finished-at="2022-01-22T08:53:18 IST" duration-ms="4227" status="PASS">
          <reporter-output>
          </reporter-output>
        </test-method> <!-- initializeDriver -->
        <test-method signature="oneway(java.lang.String, java.lang.String, java.lang.String, java.lang.String, java.lang.String, java.lang.String, java.lang.String)[pri:10, instance:runner.CarBookingRunner@5965be2d]" started-at="2022-01-22T08:53:18 IST" name="oneway" data-provider="getoneway" finished-at="2022-01-22T08:53:23 IST" duration-ms="5442" status="PASS">
          <params>
            <param index="0">
              <value>
                <![CDATA[Bangalore, Karnataka]]>
              </value>
            </param>
            <param index="1">
              <value>
                <![CDATA[Chennai, Tamil Nadu]]>
              </value>
            </param>
            <param index="2">
              <value>
                <![CDATA[January2022]]>
              </value>
            </param>
            <param index="3">
              <value>
                <![CDATA[23]]>
              </value>
            </param>
            <param index="4">
              <value>
                <![CDATA[2:30 PM]]>
              </value>
            </param>
            <param index="5">
              <value>
                <![CDATA[Bangalore]]>
              </value>
            </param>
            <param index="6">
              <value>
                <![CDATA[23-01-2022]]>
              </value>
            </param>
          </params>
          <reporter-output>
          </reporter-output>
        </test-method> <!-- oneway -->
        <test-method is-config="true" signature="EndTheTest()[pri:0, instance:runner.CarBookingRunner@5965be2d]" started-at="2022-01-22T08:53:24 IST" name="EndTheTest" finished-at="2022-01-22T08:53:25 IST" duration-ms="1774" status="PASS">
          <reporter-output>
          </reporter-output>
        </test-method> <!-- EndTheTest -->
        <test-method is-config="true" signature="initializeDriver()[pri:0, instance:runner.CarBookingRunner@5965be2d]" started-at="2022-01-22T08:53:25 IST" name="initializeDriver" finished-at="2022-01-22T08:53:29 IST" duration-ms="4116" status="PASS">
          <reporter-output>
          </reporter-output>
        </test-method> <!-- initializeDriver -->
        <test-method signature="RoundTrip(java.lang.String, java.lang.String, java.lang.String, java.lang.String, java.lang.String, java.lang.String, java.lang.String, java.lang.String, java.lang.String)[pri:11, instance:runner.CarBookingRunner@5965be2d]" started-at="2022-01-22T08:53:29 IST" name="RoundTrip" data-provider="getRoundTrip" finished-at="2022-01-22T08:53:43 IST" duration-ms="13382" status="PASS">
          <params>
            <param index="0">
              <value>
                <![CDATA[Bangalore, Karnataka]]>
              </value>
            </param>
            <param index="1">
              <value>
                <![CDATA[Chennai, Tamil Nadu]]>
              </value>
            </param>
            <param index="2">
              <value>
                <![CDATA[January2022]]>
              </value>
            </param>
            <param index="3">
              <value>
                <![CDATA[23]]>
              </value>
            </param>
            <param index="4">
              <value>
                <![CDATA[January2022]]>
              </value>
            </param>
            <param index="5">
              <value>
                <![CDATA[25]]>
              </value>
            </param>
            <param index="6">
              <value>
                <![CDATA[2:30 PM]]>
              </value>
            </param>
            <param index="7">
              <value>
                <![CDATA[Bangalore]]>
              </value>
            </param>
            <param index="8">
              <value>
                <![CDATA[23-01-2022]]>
              </value>
            </param>
          </params>
          <reporter-output>
          </reporter-output>
        </test-method> <!-- RoundTrip -->
        <test-method is-config="true" signature="EndTheTest()[pri:0, instance:runner.CarBookingRunner@5965be2d]" started-at="2022-01-22T08:53:43 IST" name="EndTheTest" finished-at="2022-01-22T08:53:44 IST" duration-ms="1256" status="PASS">
          <reporter-output>
          </reporter-output>
        </test-method> <!-- EndTheTest -->
        <test-method is-config="true" signature="initializeDriver()[pri:0, instance:runner.CarBookingRunner@5965be2d]" started-at="2022-01-22T08:53:44 IST" name="initializeDriver" finished-at="2022-01-22T08:53:48 IST" duration-ms="3899" status="PASS">
          <reporter-output>
          </reporter-output>
        </test-method> <!-- initializeDriver -->
        <test-method signature="TravelAgents()[pri:12, instance:runner.CarBookingRunner@5965be2d]" started-at="2022-01-22T08:53:48 IST" name="TravelAgents" finished-at="2022-01-22T08:53:52 IST" duration-ms="3904" status="PASS">
          <reporter-output>
          </reporter-output>
        </test-method> <!-- TravelAgents -->
        <test-method is-config="true" signature="EndTheTest()[pri:0, instance:runner.CarBookingRunner@5965be2d]" started-at="2022-01-22T08:53:52 IST" name="EndTheTest" finished-at="2022-01-22T08:53:52 IST" duration-ms="348" status="PASS">
          <reporter-output>
          </reporter-output>
        </test-method> <!-- EndTheTest -->
      </class> <!-- runner.CarBookingRunner -->
    </test> <!-- Default test -->
  </suite> <!-- Default suite -->
</testng-results>
